     diagonalizing the dynamical matrix ...

 q =       0.0000      0.0000      0.0000
 **************************************************************************
     freq (    1) =      -0.000000 [THz] =      -0.000007 [cm-1]
 (  0.413039   0.000000     0.573933   0.000000     0.000000   0.000000   )
 (  0.413039   0.000000     0.573933   0.000000     0.000000   0.000000   )
     freq (    2) =      -0.000000 [THz] =      -0.000003 [cm-1]
 (  0.000000   0.000000     0.000000   0.000000    -0.707107   0.000000   )
 (  0.000000   0.000000     0.000000   0.000000    -0.707107   0.000000   )
     freq (    3) =      -0.000000 [THz] =      -0.000003 [cm-1]
 (  0.573933   0.000000    -0.413039   0.000000     0.000000   0.000000   )
 (  0.573933   0.000000    -0.413039   0.000000     0.000000   0.000000   )
     freq (    4) =      11.219028 [THz] =     374.226479 [cm-1]
 (  0.000000   0.000000     0.000000   0.000000     0.940852   0.000000   )
 (  0.000000   0.000000     0.000000   0.000000    -0.338817   0.000000   )
     freq (    5) =      11.219028 [THz] =     374.226479 [cm-1]
 ( -0.000000   0.000000     0.940852   0.000000     0.000000   0.000000   )
 (  0.000000   0.000000    -0.338817   0.000000     0.000000   0.000000   )
     freq (    6) =      12.308264 [THz] =     410.559500 [cm-1]
 ( -0.940852   0.000000    -0.000000   0.000000     0.000000   0.000000   )
 (  0.338817   0.000000     0.000000   0.000000     0.000000   0.000000   )
 **************************************************************************
